# JRE version: Java(TM) SE Runtime Environment (8.0_92-b14) (build 1.8.0_92-b14)
# Java VM: Java HotSpot(TM) Client VM (25.92-b14 mixed mode windows-x86 )
Heap:
 def new generation   total 19776K, used 12120K [0x03e00000, 0x05370000, 0x09350000)
  eden space 17600K,  56% used [0x03e00000, 0x047b6110, 0x04f30000)
  from space 2176K, 100% used [0x05150000, 0x05370000, 0x05370000)
  to   space 2176K,   0% used [0x04f30000, 0x04f30000, 0x05150000)
 tenured generation   total 43824K, used 28821K [0x09350000, 0x0be1c000, 0x13e00000)
   the space 43824K,  65% used [0x09350000, 0x0af754e8, 0x0af75600, 0x0be1c000)
 Metaspace       used 33097K, capacity 34288K, committed 34304K, reserved 35200K
GC Heap History (10 events):
Event: 10.405 GC heap before
{Heap before GC invocations=81 (full 4):
 def new generation   total 19776K, used 17600K [0x03e00000, 0x05370000, 0x09350000)
  eden space 17600K, 100% used [0x03e00000, 0x04f30000, 0x04f30000)
  from space 2176K,   0% used [0x04f30000, 0x04f30000, 0x05150000)
  to   space 2176K,   0% used [0x05150000, 0x05150000, 0x05370000)
 tenured generation   total 43824K, used 26292K [0x09350000, 0x0be1c000, 0x13e00000)
   the space 43824K,  59% used [0x09350000, 0x0acfd1c0, 0x0acfd200, 0x0be1c000)
 Metaspace       used 30194K, capacity 31303K, committed 31360K, reserved 32128K
Event: 10.410 GC heap after
Heap after GC invocations=82 (full 4):
 def new generation   total 19776K, used 876K [0x03e00000, 0x05370000, 0x09350000)
  eden space 17600K,   0% used [0x03e00000, 0x03e00000, 0x04f30000)
  from space 2176K,  40% used [0x05150000, 0x0522b2a0, 0x05370000)
  to   space 2176K,   0% used [0x04f30000, 0x04f30000, 0x05150000)
 tenured generation   total 43824K, used 26292K [0x09350000, 0x0be1c000, 0x13e00000)
   the space 43824K,  59% used [0x09350000, 0x0acfd1c0, 0x0acfd200, 0x0be1c000)
 Metaspace       used 30194K, capacity 31303K, committed 31360K, reserved 32128K
}
Event: 10.570 GC heap before
{Heap before GC invocations=82 (full 4):
 def new generation   total 19776K, used 18476K [0x03e00000, 0x05370000, 0x09350000)
  eden space 17600K, 100% used [0x03e00000, 0x04f30000, 0x04f30000)
  from space 2176K,  40% used [0x05150000, 0x0522b2a0, 0x05370000)
  to   space 2176K,   0% used [0x04f30000, 0x04f30000, 0x05150000)
 tenured generation   total 43824K, used 26292K [0x09350000, 0x0be1c000, 0x13e00000)
   the space 43824K,  59% used [0x09350000, 0x0acfd1c0, 0x0acfd200, 0x0be1c000)
 Metaspace       used 30277K, capacity 31409K, committed 31488K, reserved 32128K
Event: 10.577 GC heap after
Heap after GC invocations=83 (full 4):
 def new generation   total 19776K, used 1727K [0x03e00000, 0x05370000, 0x09350000)
  eden space 17600K,   0% used [0x03e00000, 0x03e00000, 0x04f30000)
  from space 2176K,  79% used [0x04f30000, 0x050dfd38, 0x05150000)
  to   space 2176K,   0% used [0x05150000, 0x05150000, 0x05370000)
 tenured generation   total 43824K, used 26292K [0x09350000, 0x0be1c000, 0x13e00000)
   the space 43824K,  59% used [0x09350000, 0x0acfd1c0, 0x0acfd200, 0x0be1c000)
 Metaspace       used 30277K, capacity 31409K, committed 31488K, reserved 32128K
}
Event: 10.778 GC heap before
{Heap before GC invocations=83 (full 4):
 def new generation   total 19776K, used 19327K [0x03e00000, 0x05370000, 0x09350000)
  eden space 17600K, 100% used [0x03e00000, 0x04f30000, 0x04f30000)
  from space 2176K,  79% used [0x04f30000, 0x050dfd38, 0x05150000)
  to   space 2176K,   0% used [0x05150000, 0x05150000, 0x05370000)
 tenured generation   total 43824K, used 26292K [0x09350000, 0x0be1c000, 0x13e00000)
   the space 43824K,  59% used [0x09350000, 0x0acfd1c0, 0x0acfd200, 0x0be1c000)
 Metaspace       used 30638K, capacity 31783K, committed 31872K, reserved 32128K
Event: 10.787 GC heap after
Heap after GC invocations=84 (full 4):
 def new generation   total 19776K, used 1988K [0x03e00000, 0x05370000, 0x09350000)
  eden space 17600K,   0% used [0x03e00000, 0x03e00000, 0x04f30000)
  from space 2176K,  91% used [0x05150000, 0x05341130, 0x05370000)
  to   space 2176K,   0% used [0x04f30000, 0x04f30000, 0x05150000)
 tenured generation   total 43824K, used 27049K [0x09350000, 0x0be1c000, 0x13e00000)
   the space 43824K,  61% used [0x09350000, 0x0adba698, 0x0adba800, 0x0be1c000)
 Metaspace       used 30638K, capacity 31783K, committed 31872K, reserved 32128K
}
Event: 11.071 GC heap before
{Heap before GC invocations=84 (full 4):
 def new generation   total 19776K, used 19588K [0x03e00000, 0x05370000, 0x09350000)
  eden space 17600K, 100% used [0x03e00000, 0x04f30000, 0x04f30000)
  from space 2176K,  91% used [0x05150000, 0x05341130, 0x05370000)
  to   space 2176K,   0% used [0x04f30000, 0x04f30000, 0x05150000)
 tenured generation   total 43824K, used 27049K [0x09350000, 0x0be1c000, 0x13e00000)
   the space 43824K,  61% used [0x09350000, 0x0adba698, 0x0adba800, 0x0be1c000)
 Metaspace       used 31226K, capacity 32399K, committed 32512K, reserved 33152K
Event: 11.079 GC heap after
Heap after GC invocations=85 (full 4):
 def new generation   total 19776K, used 1013K [0x03e00000, 0x05370000, 0x09350000)
  eden space 17600K,   0% used [0x03e00000, 0x03e00000, 0x04f30000)
  from space 2176K,  46% used [0x04f30000, 0x0502d5a8, 0x05150000)
  to   space 2176K,   0% used [0x05150000, 0x05150000, 0x05370000)
 tenured generation   total 43824K, used 28554K [0x09350000, 0x0be1c000, 0x13e00000)
   the space 43824K,  65% used [0x09350000, 0x0af32980, 0x0af32a00, 0x0be1c000)
 Metaspace       used 31226K, capacity 32399K, committed 32512K, reserved 33152K
}
Event: 16.860 GC heap before
{Heap before GC invocations=85 (full 4):
 def new generation   total 19776K, used 18613K [0x03e00000, 0x05370000, 0x09350000)
  eden space 17600K, 100% used [0x03e00000, 0x04f30000, 0x04f30000)
  from space 2176K,  46% used [0x04f30000, 0x0502d5a8, 0x05150000)
  to   space 2176K,   0% used [0x05150000, 0x05150000, 0x05370000)
 tenured generation   total 43824K, used 28554K [0x09350000, 0x0be1c000, 0x13e00000)
   the space 43824K,  65% used [0x09350000, 0x0af32980, 0x0af32a00, 0x0be1c000)
 Metaspace       used 32618K, capacity 33795K, committed 33920K, reserved 34176K
Event: 16.870 GC heap after
Heap after GC invocations=86 (full 4):
 def new generation   total 19776K, used 2176K [0x03e00000, 0x05370000, 0x09350000)
  eden space 17600K,   0% used [0x03e00000, 0x03e00000, 0x04f30000)
  from space 2176K, 100% used [0x05150000, 0x05370000, 0x05370000)
  to   space 2176K,   0% used [0x04f30000, 0x04f30000, 0x05150000)
 tenured generation   total 43824K, used 28821K [0x09350000, 0x0be1c000, 0x13e00000)
   the space 43824K,  65% used [0x09350000, 0x0af754e8, 0x0af75600, 0x0be1c000)
 Metaspace       used 32618K, capacity 33795K, committed 33920K, reserved 34176K
}

